<?xml version="1.0" encoding="UTF-8"?>
<!-- Generated by org.testng.reporters.JUnitXMLReporter -->
<testsuite ignored="1" hostname="Laptop-5559" failures="0" tests="2" name="Default test" time="79.349" errors="0" timestamp="01 Feb 2019 18:20:08 GMT">
  <testcase classname="com.qa.freelance.firstcry.com.TestCases.LoginPageTest" name="closeLoginPgTest" time="0.406"/>
  <testcase classname="com.qa.freelance.firstcry.com.TestCases.LoginPageTest" name="subscriptionClose" time="0.731"/>
  <testcase classname="com.qa.freelance.firstcry.com.TestCases.LoginPageTest" name="loginTest" time="0.0">
    <ignored/>
  </testcase> <!-- loginTest -->
</testsuite> <!-- Default test -->
