<?xml version="1.0" encoding="UTF-8"?>
<!-- Generated by org.testng.reporters.JUnitXMLReporter -->
<testsuite ignored="0" hostname="LionHeart" failures="0" tests="2" name="Date Picker Test chrome" time="81.74" errors="0" timestamp="15 Jan 2019 19:43:37 GMT">
  <testcase classname="fcom.qa.freelance.firstcry.com.TestCases.DatePickerPageTest" name="datePickerTest" time="10.323">
    <skipped/>
  </testcase> <!-- datePickerTest -->
  <testcase classname="fcom.qa.freelance.firstcry.com.TestCases.DatePickerPageTest" name="datePickerTest" time="1.782"/>
</testsuite> <!-- Date Picker Test chrome -->
