<?xml version="1.0" encoding="UTF-8"?>
<testng-results ignored="0" total="1" passed="1" failed="0" skipped="0">
  <reporter-output>
  </reporter-output>
  <suite started-at="2019-02-01T13:27:09Z" name="firstcry.com" finished-at="2019-02-01T13:27:36Z" duration-ms="26986">
    <groups>
    </groups>
    <test started-at="2019-02-01T13:27:09Z" name="Login page Test" finished-at="2019-02-01T13:27:36Z" duration-ms="26986">
      <class name="com.qa.freelance.firstcry.com.TestCases.LoginPageTest">
        <test-method is-config="true" signature="setUp()[pri:0, instance:com.qa.freelance.firstcry.com.TestCases.LoginPageTest@550ee7e5]" started-at="2019-02-01T13:27:09Z" name="setUp" finished-at="2019-02-01T13:27:34Z" duration-ms="25363" status="PASS">
          <reporter-output>
          </reporter-output>
        </test-method> <!-- setUp -->
        <test-method signature="loginTest()[pri:1, instance:com.qa.freelance.firstcry.com.TestCases.LoginPageTest@550ee7e5]" started-at="2019-02-01T13:27:34Z" name="loginTest" finished-at="2019-02-01T13:27:36Z" duration-ms="1563" status="PASS">
          <reporter-output>
          </reporter-output>
        </test-method> <!-- loginTest -->
      </class> <!-- com.qa.freelance.firstcry.com.TestCases.LoginPageTest -->
    </test> <!-- Login page Test -->
  </suite> <!-- firstcry.com -->
</testng-results>
