<?xml version="1.0" encoding="UTF-8"?>
<testsuite xmlns:xsi="http://www.w3.org/2001/XMLSchema-instance" xsi:noNamespaceSchemaLocation="https://maven.apache.org/surefire/maven-surefire-plugin/xsd/surefire-test-report.xsd" name="TestSuite" time="71.584" tests="2" errors="0" skipped="1" failures="0">
  <properties>
[...]
</properties>
  <testcase name="loginTest" classname="fcom.qa.freelance.firstcry.com.TestCases.LoginPageTest" time="0">
    <skipped message="unknown error: Element is not clickable at point (385, 635)&#10;  (Session info: chrome=71.0.3578.98)&#10;  (Driver info: chromedriver=2.45.615291 (ec3682e3c9061c10f26ea9e5cdcf3c53f3f74387),platform=Windows NT 10.0.17134 x86_64) (WARNING: The server did not provide any stacktrace information)&#10;Command duration or timeout: 0 milliseconds&#10;Build info: version: &apos;3.141.59&apos;, revision: &apos;e82be7d358&apos;, time: &apos;2018-11-14T08:17:03&apos;&#10;System info: host: &apos;LAPTOP-5559&apos;, ip: &apos;192.168.43.190&apos;, os.name: &apos;Windows 10&apos;, os.arch: &apos;amd64&apos;, os.version: &apos;10.0&apos;, java.version: &apos;11.0.2&apos;&#10;Driver info: org.openqa.selenium.chrome.ChromeDriver&#10;Capabilities {acceptInsecureCerts: false, acceptSslCerts: false, applicationCacheEnabled: false, browserConnectionEnabled: false, browserName: chrome, chrome: {chromedriverVersion: 2.45.615291 (ec3682e3c9061c..., userDataDir: C:\Users\MD9C0~1.UAD\AppDat...}, cssSelectorsEnabled: true, databaseEnabled: false, goog:chromeOptions: {debuggerAddress: localhost:58002}, handlesAlerts: true, hasTouchScreen: false, javascriptEnabled: true, locationContextEnabled: true, mobileEmulationEnabled: false, nativeEvents: true, networkConnectionEnabled: false, pageLoadStrategy: normal, platform: XP, platformName: XP, proxy: Proxy(), rotatable: false, setWindowRect: true, strictFileInteractability: false, takesHeapSnapshot: true, takesScreenshot: true, timeouts: {implicit: 0, pageLoad: 300000, script: 30000}, unexpectedAlertBehaviour: ignore, unhandledPromptBehavior: ignore, version: 71.0.3578.98, webStorageEnabled: true}&#10;Session ID: aeff20a2c6732ba7ed6e39178aa84815"/>
    <system-out><![CDATA[INFO  Log - log4j.xml File configure properly
INFO  Log - Gets Browser Name From Config.properties File 
INFO  Log - Sets The Properties For Chrome Driver OR Browser 
INFO  Log - Chrome Driver Object Created
INFO  Log - EventFiringWebDriver Object Created And Passes The Driver As an Argument
INFO  Log - WebEventLister Object Created
INFO  Log - WebEventLister Registers With EventFiringWebDriver 
INFO  Log - Maximized The Window
INFO  Log - Deleted All Cookies
INFO  Log - pageLoadTimeout
INFO  Log - Before navigating to: 'http://www.firstcry.com/'
INFO  Log - Navigated to:'http://www.firstcry.com/'
INFO  Log - Gets The Project URL
INFO  Log - TestNG - Test Started. 1548855705446
INFO  Log - Trying to find Element By : By.xpath: //a[@class='poplogin_main']
INFO  Log - Found Element By : By.xpath: //a[@class='poplogin_main']
INFO  Log - Trying to click on: [[ChromeDriver: chrome on XP (aeff20a2c6732ba7ed6e39178aa84815)] -> xpath: //a[@class='poplogin_main']]
INFO  Log - Clicked on: [[ChromeDriver: chrome on XP (aeff20a2c6732ba7ed6e39178aa84815)] -> xpath: //a[@class='poplogin_main']]
Clicked on: [[ChromeDriver: chrome on XP (aeff20a2c6732ba7ed6e39178aa84815)] -> xpath: //a[@class='poplogin_main']]
INFO  Log - Trying to find Element By : By.xpath: //input[@id='txtLUNm'][@name='Email'][@placeholder='Email id*']
INFO  Log - Found Element By : By.xpath: //input[@id='txtLUNm'][@name='Email'][@placeholder='Email id*']
INFO  Log - Inside the beforeChangeValueOf method
INFO  Log - inside method afterChangeValueOf on 
INFO  Log - Trying to find Element By : By.xpath: //input[@type='password'][@placeholder='Password*']
INFO  Log - Found Element By : By.xpath: //input[@type='password'][@placeholder='Password*']
INFO  Log - Inside the beforeChangeValueOf method
INFO  Log - inside method afterChangeValueOf on 
INFO  Log - Trying to find Element By : By.xpath: //input[@type='button'][@value='Login']
INFO  Log - Found Element By : By.xpath: //input[@type='button'][@value='Login']
INFO  Log - Trying to click on: [[ChromeDriver: chrome on XP (aeff20a2c6732ba7ed6e39178aa84815)] -> xpath: //input[@type='button'][@value='Login']]
INFO  Log - Exception occured: org.openqa.selenium.WebDriverException: unknown error: Element is not clickable at point (385, 635)
  (Session info: chrome=71.0.3578.98)
  (Driver info: chromedriver=2.45.615291 (ec3682e3c9061c10f26ea9e5cdcf3c53f3f74387),platform=Windows NT 10.0.17134 x86_64) (WARNING: The server did not provide any stacktrace information)
Command duration or timeout: 0 milliseconds
Build info: version: '3.141.59', revision: 'e82be7d358', time: '2018-11-14T08:17:03'
System info: host: 'LAPTOP-5559', ip: '192.168.43.190', os.name: 'Windows 10', os.arch: 'amd64', os.version: '10.0', java.version: '11.0.2'
Driver info: org.openqa.selenium.chrome.ChromeDriver
Capabilities {acceptInsecureCerts: false, acceptSslCerts: false, applicationCacheEnabled: false, browserConnectionEnabled: false, browserName: chrome, chrome: {chromedriverVersion: 2.45.615291 (ec3682e3c9061c..., userDataDir: C:\Users\MD9C0~1.UAD\AppDat...}, cssSelectorsEnabled: true, databaseEnabled: false, goog:chromeOptions: {debuggerAddress: localhost:58002}, handlesAlerts: true, hasTouchScreen: false, javascriptEnabled: true, locationContextEnabled: true, mobileEmulationEnabled: false, nativeEvents: true, networkConnectionEnabled: false, pageLoadStrategy: normal, platform: XP, platformName: XP, proxy: Proxy(), rotatable: false, setWindowRect: true, strictFileInteractability: false, takesHeapSnapshot: true, takesScreenshot: true, timeouts: {implicit: 0, pageLoad: 300000, script: 30000}, unexpectedAlertBehaviour: ignore, unhandledPromptBehavior: ignore, version: 71.0.3578.98, webStorageEnabled: true}
Session ID: aeff20a2c6732ba7ed6e39178aa84815
]]></system-out>
    <system-err><![CDATA[log4j:WARN No appenders could be found for logger (com.qa.freelance.firstcry.com.Helper.Log).
log4j:WARN Please initialize the log4j system properly.
log4j:ERROR setFile(null,false) call failed.
java.io.FileNotFoundException: C:\Users\Mayur Uddhav Adhude\eclipse-workspace\firstcry.com\src\main\resources\Logs\Application.log (The system cannot find the path specified)
	at java.base/java.io.FileOutputStream.open0(Native Method)
	at java.base/java.io.FileOutputStream.open(FileOutputStream.java:298)
	at java.base/java.io.FileOutputStream.<init>(FileOutputStream.java:237)
	at java.base/java.io.FileOutputStream.<init>(FileOutputStream.java:158)
	at org.apache.log4j.FileAppender.setFile(FileAppender.java:272)
	at org.apache.log4j.RollingFileAppender.setFile(RollingFileAppender.java:156)
	at org.apache.log4j.FileAppender.activateOptions(FileAppender.java:151)
	at org.apache.log4j.config.PropertySetter.activate(PropertySetter.java:247)
	at org.apache.log4j.xml.DOMConfigurator.parseAppender(DOMConfigurator.java:210)
	at org.apache.log4j.xml.DOMConfigurator.findAppenderByName(DOMConfigurator.java:140)
	at org.apache.log4j.xml.DOMConfigurator.findAppenderByReference(DOMConfigurator.java:153)
	at org.apache.log4j.xml.DOMConfigurator.parseChildrenOfLoggerElement(DOMConfigurator.java:415)
	at org.apache.log4j.xml.DOMConfigurator.parseRoot(DOMConfigurator.java:384)
	at org.apache.log4j.xml.DOMConfigurator.parse(DOMConfigurator.java:783)
	at org.apache.log4j.xml.DOMConfigurator.doConfigure(DOMConfigurator.java:666)
	at org.apache.log4j.xml.DOMConfigurator.doConfigure(DOMConfigurator.java:616)
	at org.apache.log4j.xml.DOMConfigurator.doConfigure(DOMConfigurator.java:584)
	at org.apache.log4j.xml.DOMConfigurator.configure(DOMConfigurator.java:687)
	at com.qa.freelance.firstcry.com.Base.TestBase.initialization(TestBase.java:62)
	at fcom.qa.freelance.firstcry.com.TestCases.LoginPageTest.setUp(LoginPageTest.java:23)
	at java.base/jdk.internal.reflect.NativeMethodAccessorImpl.invoke0(Native Method)
	at java.base/jdk.internal.reflect.NativeMethodAccessorImpl.invoke(NativeMethodAccessorImpl.java:62)
	at java.base/jdk.internal.reflect.DelegatingMethodAccessorImpl.invoke(DelegatingMethodAccessorImpl.java:43)
	at java.base/java.lang.reflect.Method.invoke(Method.java:566)
	at org.testng.internal.MethodInvocationHelper.invokeMethod(MethodInvocationHelper.java:124)
	at org.testng.internal.MethodInvocationHelper.invokeMethodConsideringTimeout(MethodInvocationHelper.java:59)
	at org.testng.internal.Invoker.invokeConfigurationMethod(Invoker.java:458)
	at org.testng.internal.Invoker.invokeConfigurations(Invoker.java:222)
	at org.testng.internal.Invoker.invokeMethod(Invoker.java:523)
	at org.testng.internal.Invoker.invokeTestMethod(Invoker.java:719)
	at org.testng.internal.Invoker.invokeTestMethods(Invoker.java:989)
	at org.testng.internal.TestMethodWorker.invokeTestMethods(TestMethodWorker.java:125)
	at org.testng.internal.TestMethodWorker.run(TestMethodWorker.java:109)
	at org.testng.TestRunner.privateRun(TestRunner.java:648)
	at org.testng.TestRunner.run(TestRunner.java:505)
	at org.testng.SuiteRunner.runTest(SuiteRunner.java:455)
	at org.testng.SuiteRunner.access$000(SuiteRunner.java:40)
	at org.testng.SuiteRunner$SuiteWorker.run(SuiteRunner.java:489)
	at org.testng.internal.thread.ThreadUtil$1.call(ThreadUtil.java:52)
	at java.base/java.util.concurrent.FutureTask.run(FutureTask.java:264)
	at java.base/java.util.concurrent.ThreadPoolExecutor.runWorker(ThreadPoolExecutor.java:1128)
	at java.base/java.util.concurrent.ThreadPoolExecutor$Worker.run(ThreadPoolExecutor.java:628)
	at java.base/java.lang.Thread.run(Thread.java:834)
Starting ChromeDriver 2.45.615291 (ec3682e3c9061c10f26ea9e5cdcf3c53f3f74387) on port 34740
Only local connections are allowed.
Jan 30, 2019 7:11:09 PM org.openqa.selenium.remote.ProtocolHandshake createSession
INFO: Detected dialect: OSS
]]></system-err>
  </testcase>
  <testcase name="loginTest" classname="fcom.qa.freelance.firstcry.com.TestCases.LoginPageTest" time="2.262"/>
</testsuite>