<?xml version="1.0" encoding="UTF-8"?>
<testng-results ignored="1" total="3" passed="2" failed="0" skipped="0">
  <reporter-output>
  </reporter-output>
  <suite started-at="2019-02-01T18:18:49Z" name="Default suite" finished-at="2019-02-01T18:20:08Z" duration-ms="79349">
    <groups>
    </groups>
    <test started-at="2019-02-01T18:18:49Z" name="Default test" finished-at="2019-02-01T18:20:08Z" duration-ms="79349">
      <class name="com.qa.freelance.firstcry.com.TestCases.LoginPageTest">
        <test-method is-config="true" signature="setUp()[pri:0, instance:com.qa.freelance.firstcry.com.TestCases.LoginPageTest@1a6d8329]" started-at="2019-02-01T18:18:49Z" name="setUp" finished-at="2019-02-01T18:19:31Z" duration-ms="41553" status="PASS">
          <reporter-output>
          </reporter-output>
        </test-method> <!-- setUp -->
        <test-method signature="closeLoginPgTest()[pri:1, instance:com.qa.freelance.firstcry.com.TestCases.LoginPageTest@1a6d8329]" started-at="2019-02-01T18:19:31Z" name="closeLoginPgTest" finished-at="2019-02-01T18:19:31Z" duration-ms="406" status="PASS">
          <reporter-output>
          </reporter-output>
        </test-method> <!-- closeLoginPgTest -->
        <test-method is-config="true" signature="setUp()[pri:0, instance:com.qa.freelance.firstcry.com.TestCases.LoginPageTest@1a6d8329]" started-at="2019-02-01T18:19:31Z" name="setUp" finished-at="2019-02-01T18:20:08Z" duration-ms="36619" status="PASS">
          <reporter-output>
          </reporter-output>
        </test-method> <!-- setUp -->
        <test-method signature="subscriptionClose()[pri:2, instance:com.qa.freelance.firstcry.com.TestCases.LoginPageTest@1a6d8329]" started-at="2019-02-01T18:20:08Z" name="subscriptionClose" finished-at="2019-02-01T18:20:08Z" duration-ms="731" status="PASS">
          <reporter-output>
          </reporter-output>
        </test-method> <!-- subscriptionClose -->
      </class> <!-- com.qa.freelance.firstcry.com.TestCases.LoginPageTest -->
    </test> <!-- Default test -->
  </suite> <!-- Default suite -->
</testng-results>
