<?xml version="1.0" encoding="UTF-8"?>
<!-- Generated by org.testng.reporters.JUnitXMLReporter -->
<testsuite ignored="0" hostname="Laptop-5559" failures="0" tests="2" name="Login page Test chrome" time="68.869" errors="0" timestamp="30 Jan 2019 13:42:14 GMT">
  <testcase classname="fcom.qa.freelance.firstcry.com.TestCases.LoginPageTest" name="loginTest" time="3.536">
    <skipped/>
  </testcase> <!-- loginTest -->
  <testcase classname="fcom.qa.freelance.firstcry.com.TestCases.LoginPageTest" name="loginTest" time="2.261"/>
</testsuite> <!-- Login page Test chrome -->
